<?xml version="1.0" encoding="UTF-8"?>
<!-- Generated by org.testng.reporters.JUnitReportReporter -->
<testsuite hostname="Sciencefreek" failures="0" tests="1" name="airtable.tests.AirtableTest1" time="267.990" errors="0" timestamp="2024-12-07T12:35:42 IST" skipped="0">
  <testcase classname="airtable.tests.AirtableTest1" name="logintest1" time="267.990"/>
  <system-out/>
</testsuite> <!-- airtable.tests.AirtableTest1 -->
